SF:/Users/hugo/Developer/crappy-ci/.kiro/skills/crap-metric/scripts/analyze.py
DA:1,0
DA:2,0
DA:3,0
DA:4,0
DA:5,0
DA:6,0
DA:7,0
DA:8,0
DA:9,0
DA:10,0
DA:11,0
DA:12,0
DA:13,0
DA:14,0
DA:15,0
DA:16,0
DA:17,0
DA:18,0
DA:19,0
DA:20,0
DA:21,0
DA:22,0
DA:23,0
DA:24,0
DA:25,0
DA:26,0
DA:27,0
DA:28,0
DA:29,0
DA:30,0
DA:31,0
DA:32,0
DA:33,0
DA:34,0
DA:35,0
DA:36,0
DA:37,0
DA:38,0
DA:39,0
DA:40,0
DA:41,0
DA:42,0
DA:43,0
DA:44,0
DA:45,0
DA:46,0
DA:47,0
DA:48,0
DA:49,0
DA:50,0
DA:51,0
DA:52,0
DA:53,0
DA:54,0
DA:55,0
DA:56,0
DA:57,0
DA:58,0
DA:59,0
DA:60,0
DA:61,0
DA:62,0
DA:63,0
DA:64,0
DA:65,0
DA:66,0
DA:67,0
DA:68,0
DA:69,0
DA:70,0
DA:71,0
DA:72,0
DA:73,0
DA:74,0
DA:75,0
DA:76,0
DA:77,0
DA:78,0
DA:79,0
DA:80,0
DA:81,0
DA:82,0
DA:83,0
DA:84,0
DA:85,0
DA:86,0
DA:87,0
DA:88,0
DA:89,0
DA:90,0
DA:91,0
DA:92,0
DA:93,0
DA:94,0
DA:95,0
DA:96,0
DA:97,0
DA:98,0
DA:99,0
DA:100,0
DA:101,0
DA:102,0
DA:103,0
DA:104,0
DA:105,0
DA:106,0
DA:107,0
DA:108,0
DA:109,0
DA:110,0
DA:111,0
DA:112,0
DA:113,0
DA:114,0
DA:115,0
DA:116,0
DA:117,0
DA:118,0
DA:119,0
DA:120,0
DA:121,0
DA:122,0
DA:123,0
DA:124,71
DA:125,71
DA:126,0
DA:127,0
DA:128,0
DA:129,0
DA:130,0
DA:131,0
DA:132,0
DA:133,0
DA:134,74
DA:135,0
DA:136,74
DA:137,17
DA:138,57
DA:139,0
DA:140,57
DA:141,57
DA:142,57
DA:143,0
DA:144,0
DA:145,0
DA:146,0
DA:147,99
DA:148,98
DA:149,1
DA:150,1
DA:151,1
DA:152,1
DA:153,3
DA:154,2
DA:155,2
DA:156,0
DA:157,0
DA:158,0
DA:159,1
DA:160,1
DA:161,0
DA:162,0
DA:163,0
DA:164,0
DA:165,0
DA:166,0
DA:167,0
DA:168,0
DA:169,0
DA:170,0
DA:171,0
DA:172,0
DA:173,0
DA:174,0
DA:175,0
DA:176,0
DA:177,0
DA:178,74
DA:179,74
DA:180,74
DA:181,74
DA:182,74
DA:183,74
DA:184,74
DA:185,74
DA:186,74
DA:187,74
DA:188,0
DA:189,74
DA:190,0
DA:191,74
DA:192,0
DA:193,0
DA:194,0
DA:195,0
DA:196,0
DA:197,0
DA:198,0
DA:199,0
DA:200,0
DA:201,0
DA:202,0
DA:203,0
DA:204,74
DA:205,6
DA:206,6
DA:207,126
DA:208,24
DA:209,24
DA:210,0
DA:211,36
DA:212,6
DA:213,6
DA:214,0
DA:215,0
DA:216,0
DA:217,0
DA:218,24
DA:219,0
DA:220,68
DA:221,2
DA:222,4
DA:223,2
DA:224,0
DA:225,2
DA:226,0
DA:227,0
DA:228,0
DA:229,0
DA:230,2
DA:231,0
DA:232,0
DA:233,66
DA:234,0
DA:235,0
DA:236,0
DA:237,0
DA:238,0
DA:239,0
DA:240,0
DA:241,0
DA:242,0
DA:243,0
DA:244,0
DA:245,0
DA:246,0
DA:247,0
DA:248,0
DA:249,0
DA:250,74
DA:251,74
DA:252,0
DA:253,0
DA:254,74
DA:255,0
DA:256,0
DA:257,0
DA:258,0
DA:259,0
DA:260,0
DA:261,0
DA:262,0
DA:263,0
DA:264,0
DA:265,0
DA:266,0
DA:267,0
DA:268,0
DA:269,74
DA:270,6
DA:271,6
DA:272,6
DA:273,6
DA:274,12
DA:275,6
DA:276,0
DA:277,6
DA:278,6
DA:279,0
DA:280,6
DA:281,0
DA:282,0
DA:283,6
DA:284,12
DA:285,6
DA:286,0
DA:287,0
DA:288,0
DA:289,68
DA:290,2
DA:291,2
DA:292,2
DA:293,4
DA:294,2
DA:295,0
DA:296,2
DA:297,2
DA:298,2
DA:299,2
DA:300,2
DA:301,0
DA:302,0
DA:303,0
DA:304,0
DA:305,66
DA:306,66
DA:307,66
DA:308,66
DA:309,0
DA:310,148
DA:311,74
DA:312,74
DA:313,74
DA:314,74
DA:315,74
DA:316,74
DA:317,74
DA:318,74
DA:319,74
DA:320,74
DA:321,74
DA:322,74
DA:323,0
DA:324,0
DA:325,148
DA:326,74
DA:327,74
DA:328,74
DA:329,74
DA:330,74
DA:331,74
DA:332,74
DA:333,74
DA:334,0
DA:335,0
DA:336,0
DA:337,0
DA:338,0
DA:339,362
DA:340,355
DA:341,7
DA:342,0
DA:343,0
DA:344,0
DA:345,0
DA:346,1
DA:347,8
DA:348,8
DA:349,0
DA:350,8
DA:351,1
DA:352,7
DA:353,0
DA:354,0
DA:355,0
DA:356,0
DA:357,0
DA:358,47
DA:359,47
DA:360,3548
DA:361,3548
DA:362,9
DA:363,3539
DA:364,47
DA:365,3501
DA:366,0
DA:367,0
DA:368,0
DA:369,0
DA:370,0
DA:371,264
DA:372,4495
DA:373,4495
DA:374,4495
DA:375,96
DA:376,96
DA:377,4399
DA:378,264
DA:379,4135
DA:380,0
DA:381,4135
DA:382,0
DA:383,0
DA:384,0
DA:385,0
DA:386,0
DA:387,0
DA:388,0
DA:389,0
DA:390,0
DA:391,0
DA:392,0
DA:393,24025
DA:394,24025
DA:395,0
DA:396,0
DA:397,24025
DA:398,0
DA:399,24025
DA:400,6
DA:401,0
DA:402,0
DA:403,24019
DA:404,0
DA:405,0
DA:406,0
DA:407,24019
DA:408,47
DA:409,0
DA:410,0
DA:411,23972
DA:412,260
DA:413,0
DA:414,23712
DA:415,0
DA:416,0
DA:417,0
DA:418,0
DA:419,81
DA:420,81
DA:421,81
DA:422,81
DA:423,0
DA:424,24106
DA:425,24025
DA:426,24025
DA:427,313
DA:428,313
DA:429,313
DA:430,23712
DA:431,23712
DA:432,0
DA:433,81
DA:434,0
DA:435,0
DA:436,0
DA:437,0
DA:438,81
DA:439,0
DA:440,81
DA:441,0
DA:442,0
DA:443,0
DA:444,0
DA:445,0
DA:446,0
DA:447,0
DA:448,0
DA:449,0
DA:450,81
DA:451,81
DA:452,81
DA:453,81
DA:454,81
DA:455,81
DA:456,81
DA:457,81
DA:458,81
DA:459,81
DA:460,0
DA:461,0
DA:462,81
DA:463,1051
DA:464,81
DA:465,0
DA:466,0
DA:467,0
DA:468,0
DA:469,71
DA:470,849
DA:471,839
DA:472,839
DA:473,130
DA:474,709
DA:475,709
DA:476,61
DA:477,648
DA:478,71
DA:479,0
DA:480,0
DA:481,0
DA:482,0
DA:483,11
DA:484,11
DA:485,11
DA:486,0
DA:487,1333
DA:488,1322
DA:489,1322
DA:490,1251
DA:491,71
DA:492,71
DA:493,142
DA:494,71
DA:495,71
DA:496,71
DA:497,71
DA:498,71
DA:499,71
DA:500,0
DA:501,0
DA:502,11
DA:503,0
DA:504,0
DA:505,0
DA:506,0
DA:507,11
DA:508,11
DA:509,0
DA:510,0
DA:511,0
DA:512,0
DA:513,0
DA:514,0
DA:515,0
DA:516,0
DA:517,0
DA:518,0
DA:519,0
DA:520,0
DA:521,0
DA:522,0
DA:523,0
DA:524,0
DA:525,0
DA:526,0
DA:527,0
DA:528,0
DA:529,0
DA:530,0
DA:531,0
DA:532,0
DA:533,0
DA:534,0
DA:535,0
DA:536,0
DA:537,0
DA:538,0
DA:539,0
DA:540,0
DA:541,0
DA:542,0
DA:543,0
DA:544,0
DA:545,0
DA:546,0
DA:547,0
DA:548,0
DA:549,0
DA:550,81
DA:551,81
DA:552,1
DA:553,80
DA:554,1
DA:555,79
DA:556,4
DA:557,75
DA:558,0
DA:559,0
DA:560,0
DA:561,0
DA:562,13
DA:563,13
DA:564,13
DA:565,0
DA:566,94
DA:567,81
DA:568,81
DA:569,6
DA:570,6
DA:571,75
DA:572,75
DA:573,3
DA:574,72
DA:575,15
DA:576,75
DA:577,0
DA:578,13
DA:579,0
DA:580,0
DA:581,0
DA:582,0
DA:583,0
DA:584,0
DA:585,0
DA:586,0
DA:587,0
DA:588,0
DA:589,0
DA:590,0
DA:591,0
DA:592,0
DA:593,0
DA:594,0
DA:595,0
DA:596,0
DA:597,0
DA:598,0
DA:599,0
DA:600,0
DA:601,0
DA:602,0
DA:603,0
DA:604,0
DA:605,0
DA:606,0
DA:607,0
DA:608,0
DA:609,0
DA:610,0
DA:611,0
DA:612,0
DA:613,0
DA:614,0
DA:615,18
DA:616,18
DA:617,0
DA:618,0
DA:619,0
DA:620,1
DA:621,1
DA:622,1
DA:623,1
DA:624,0
DA:625,0
DA:626,0
DA:627,1
DA:628,1
DA:629,1
DA:630,0
DA:631,0
DA:632,0
DA:633,0
DA:634,0
DA:635,0
DA:636,0
DA:637,0
DA:638,0
DA:639,3
DA:640,1
DA:641,2
DA:642,1
DA:643,1
DA:644,0
DA:645,1
DA:646,1
DA:647,0
DA:648,0
DA:649,1
DA:650,0
DA:651,0
DA:652,1
DA:653,0
DA:654,1
DA:655,2
DA:656,1
DA:657,4
DA:658,3
DA:659,0
DA:660,0
DA:661,0
DA:662,0
DA:663,0
DA:664,3
DA:665,3
DA:666,3
DA:667,3
DA:668,8
DA:669,5
DA:670,0
DA:671,0
DA:672,0
DA:673,9
DA:674,4
DA:675,5
DA:676,5
DA:677,1
DA:678,4
DA:679,3
DA:680,0
DA:681,3
DA:682,3
DA:683,0
DA:684,0
DA:685,0
DA:686,5
DA:687,1
DA:688,4
DA:689,8
DA:690,12
DA:691,9
DA:692,1
DA:693,1
DA:694,0
DA:695,0
DA:696,0
DA:697,0
DA:698,0
DA:699,0
DA:700,0
DA:701,0
DA:702,71
DA:703,0
DA:704,71
DA:705,71
DA:706,1
DA:707,1
DA:708,1
DA:709,0
DA:710,71
DA:711,70
DA:712,0
DA:713,1
DA:714,2
DA:715,13
DA:716,0
DA:717,0
DA:718,1
DA:719,12
DA:720,12
DA:721,1
DA:722,1
DA:723,0
DA:724,0
DA:725,0
DA:726,0
DA:727,0
DA:728,0
DA:729,0
DA:730,0
DA:731,0
DA:732,0
DA:733,0
DA:734,8
DA:735,8
DA:736,0
DA:737,0
DA:738,0
DA:739,0
DA:740,0
DA:741,0
DA:742,8
DA:743,0
DA:744,0
DA:745,0
DA:746,0
DA:747,0
DA:748,48
DA:749,40
DA:750,40
DA:751,0
DA:752,0
DA:753,0
DA:754,32
DA:755,24
DA:756,24
DA:757,0
DA:758,0
DA:759,0
DA:760,0
DA:761,0
DA:762,0
DA:763,0
DA:764,0
DA:765,0
DA:766,0
DA:767,0
DA:768,0
DA:769,0
DA:770,0
DA:771,0
DA:772,0
DA:773,0
DA:774,0
DA:775,0
DA:776,0
DA:777,0
DA:778,0
DA:779,0
DA:780,0
DA:781,0
DA:782,0
DA:783,0
DA:784,0
DA:785,0
DA:786,0
DA:787,0
DA:788,0
DA:789,5
DA:790,5
DA:791,1
DA:792,5
DA:793,5
DA:794,1
DA:795,1
DA:796,1
DA:797,4
DA:798,0
DA:799,0
DA:800,0
DA:801,0
DA:802,4
DA:803,4
DA:804,0
DA:805,4
DA:806,4
DA:807,4
DA:808,0
DA:809,0
DA:810,0
DA:811,0
DA:812,4
DA:813,4
DA:814,13
DA:815,9
DA:816,3
DA:817,3
DA:818,6
DA:819,4
DA:820,4
DA:821,0
DA:822,0
DA:823,0
DA:824,0
DA:825,5
DA:826,5
DA:827,1
DA:828,4
DA:829,0
DA:830,0
DA:831,0
DA:832,0
DA:833,0
DA:834,0
DA:835,0
DA:836,0
DA:837,0
DA:838,0
DA:839,11
DA:840,11
DA:841,11
DA:842,0
DA:843,0
DA:844,11
DA:845,22
DA:846,11
DA:847,0
DA:848,0
DA:849,0
DA:850,0
DA:851,11
DA:852,11
DA:853,0
DA:854,82
DA:855,71
DA:856,0
DA:857,0
DA:858,0
DA:859,0
DA:860,71
DA:861,71
DA:862,71
DA:863,71
DA:864,0
DA:865,71
DA:866,71
DA:867,0
DA:868,142
DA:869,71
DA:870,71
DA:871,71
DA:872,71
DA:873,71
DA:874,71
DA:875,71
DA:876,71
DA:877,71
DA:878,71
DA:879,71
DA:880,0
DA:881,0
DA:882,142
DA:883,71
DA:884,71
DA:885,71
DA:886,71
DA:887,71
DA:888,71
DA:889,71
DA:890,71
DA:891,71
DA:892,71
DA:893,71
DA:894,0
DA:895,0
DA:896,11
DA:897,0
DA:898,0
DA:899,0
DA:900,0
DA:901,9
DA:902,9
DA:903,9
DA:904,9
DA:905,9
DA:906,9
DA:907,9
DA:908,0
DA:909,0
DA:910,0
DA:911,0
DA:912,0
DA:913,3
DA:914,0
DA:915,0
DA:916,0
DA:917,0
DA:918,6
DA:919,3
DA:920,6
DA:921,6
DA:922,3
DA:923,0
DA:924,3
DA:925,3
DA:926,0
DA:927,0
DA:928,0
DA:929,0
DA:930,7
DA:931,0
DA:932,0
DA:933,0
DA:934,0
DA:935,28
DA:936,42
DA:937,42
DA:938,21
DA:939,0
DA:940,7
DA:941,1
DA:942,7
DA:943,7
DA:944,0
DA:945,0
DA:946,0
DA:947,0
DA:948,3
DA:949,3
DA:950,3
DA:951,3
DA:952,3
DA:953,3
DA:954,0
DA:955,3
DA:956,2
DA:957,3
DA:958,1
DA:959,3
DA:960,12
DA:961,3
DA:962,3
DA:963,3
DA:964,3
DA:965,3
DA:966,0
DA:967,0
DA:968,0
DA:969,0
DA:970,3
DA:971,6
DA:972,3
DA:973,0
DA:974,0
DA:975,0
DA:976,6
DA:977,3
DA:978,3
DA:979,0
DA:980,0
DA:981,0
DA:982,0
DA:983,0
DA:984,0
DA:985,50
DA:986,73
DA:987,9
DA:988,0
DA:989,0
DA:990,0
DA:991,0
DA:992,0
DA:993,0
DA:994,0
DA:995,0
DA:996,9
DA:997,9
DA:998,3
DA:999,9
DA:1000,7
DA:1001,9
DA:1002,3
DA:1003,0
DA:1004,6
DA:1005,9
DA:1006,0
DA:1007,0
DA:1008,0
DA:1009,0
DA:1010,9
DA:1011,9
DA:1012,9
DA:1013,9
DA:1014,0
DA:1015,0
DA:1016,0
DA:1017,0
DA:1018,3
DA:1019,3
DA:1020,0
DA:1021,0
DA:1022,0
DA:1023,0
DA:1024,11
DA:1025,11
DA:1026,11
DA:1027,11
DA:1028,11
DA:1029,11
DA:1030,11
DA:1031,11
DA:1032,11
DA:1033,22
DA:1034,11
DA:1035,11
DA:1036,22
DA:1037,11
DA:1038,11
DA:1039,0
DA:1040,0
DA:1041,0
DA:1042,0
DA:1043,0
DA:1044,0
DA:1045,0
DA:1046,0
DA:1047,0
DA:1048,0
DA:1049,0
DA:1050,0
DA:1051,0
DA:1052,0
DA:1053,0
DA:1054,0
DA:1055,0
DA:1056,0
DA:1057,0
DA:1058,0
DA:1059,11
DA:1060,22
DA:1061,11
DA:1062,11
DA:1063,11
DA:1064,11
DA:1065,11
DA:1066,11
DA:1067,11
DA:1068,11
DA:1069,11
DA:1070,11
DA:1071,11
DA:1072,0
DA:1073,0
DA:1074,0
DA:1075,0
DA:1076,0
DA:1077,9
DA:1078,1
DA:1079,1
DA:1080,1
DA:1081,0
DA:1082,8
DA:1083,0
DA:1084,0
DA:1085,0
DA:1086,0
DA:1087,0
DA:1088,0
DA:1089,0
DA:1090,8
DA:1091,0
DA:1092,0
DA:1093,0
DA:1094,0
DA:1095,32
DA:1096,0
DA:1097,0
DA:1098,0
DA:1099,0
DA:1100,4
DA:1101,3
DA:1102,7
DA:1103,3
DA:1104,0
DA:1105,0
DA:1106,0
DA:1107,0
DA:1108,0
DA:1109,9
DA:1110,7
DA:1111,0
DA:1112,2
DA:1113,4
DA:1114,2
DA:1115,2
DA:1116,0
DA:1117,2
DA:1118,2
DA:1119,0
DA:1120,0
DA:1121,0
DA:1122,0
DA:1123,0
DA:1124,0
DA:1125,0
DA:1126,0
DA:1127,0
DA:1128,0
DA:1129,0
DA:1130,10
DA:1131,20
DA:1132,10
DA:1133,10
DA:1134,1
DA:1135,1
DA:1136,1
DA:1137,0
DA:1138,0
DA:1139,9
DA:1140,10
DA:1141,0
DA:1142,0
DA:1143,0
DA:1144,5
DA:1145,5
DA:1146,5
DA:1147,5
DA:1148,5
DA:1149,75
DA:1150,70
DA:1151,0
DA:1152,5
DA:1153,0
DA:1154,0
DA:1155,0
DA:1156,3
DA:1157,3
DA:1158,6
DA:1159,3
DA:1160,3
DA:1161,3
DA:1162,6
DA:1163,9
DA:1164,3
DA:1165,3
DA:1166,0
DA:1167,3
DA:1168,0
DA:1169,0
DA:1170,0
DA:1171,0
DA:1172,11
DA:1173,11
DA:1174,11
DA:1175,11
DA:1176,0
DA:1177,11
DA:1178,11
DA:1179,0
DA:1180,0
DA:1181,0
DA:1182,0
DA:1183,0
DA:1184,0
DA:1185,0
DA:1186,0
DA:1187,0
DA:1188,5
DA:1189,1
DA:1190,4
DA:1191,2
DA:1192,2
DA:1193,0
DA:1194,0
DA:1195,0
DA:1196,0
DA:1197,3
DA:1198,0
DA:1199,3
DA:1200,3
DA:1201,1
DA:1202,3
DA:1203,3
DA:1204,0
DA:1205,0
DA:1206,0
DA:1207,0
DA:1208,0
DA:1209,0
DA:1210,0
DA:1211,0
DA:1212,0
DA:1213,2
DA:1214,2
DA:1215,0
DA:1216,2
DA:1217,2
DA:1218,1
DA:1219,0
DA:1220,2
DA:1221,4
DA:1222,2
DA:1223,2
DA:1224,0
DA:1225,2
DA:1226,1
DA:1227,1
DA:1228,0
DA:1229,0
DA:1230,0
DA:1231,0
DA:1232,15
DA:1233,1
DA:1234,0
DA:1235,0
DA:1236,0
DA:1237,0
DA:1238,7
DA:1239,0
DA:1240,7
DA:1241,14
DA:1242,7
DA:1243,0
DA:1244,0
DA:1245,7
DA:1246,7
DA:1247,7
DA:1248,0
DA:1249,7
DA:1250,2
DA:1251,0
DA:1252,7
DA:1253,0
DA:1254,0
DA:1255,0
DA:1256,7
DA:1257,7
DA:1258,0
DA:1259,7
DA:1260,7
DA:1261,7
DA:1262,0
DA:1263,7
DA:1264,0
DA:1265,0
DA:1266,0
DA:1267,0
DA:1268,0
end_of_record
SF:/Users/hugo/Developer/crappy-ci/.kiro/skills/crap-metric/scripts/generate_llvm_lcov.py
DA:1,0
DA:2,1
DA:3,0
DA:4,0
DA:5,0
DA:6,0
DA:7,0
DA:8,0
DA:9,0
DA:10,0
DA:11,0
DA:12,0
DA:13,0
DA:14,1
DA:15,1
DA:16,1
DA:17,1
DA:18,1
DA:19,1
DA:20,0
DA:21,0
DA:22,1
DA:23,0
DA:24,4
DA:25,2
DA:26,2
DA:27,4
DA:28,2
DA:29,2
DA:30,2
DA:31,2
DA:32,0
DA:33,1
DA:34,0
DA:35,1
DA:36,1
DA:37,1
DA:38,0
DA:39,0
DA:40,1
DA:41,0
DA:42,3
DA:43,3
DA:44,3
DA:45,3
DA:46,3
DA:47,3
DA:48,3
DA:49,0
DA:50,15
DA:51,0
DA:52,0
DA:53,1
DA:54,0
DA:55,5
DA:56,9
DA:57,4
DA:58,3
DA:59,0
DA:60,0
DA:61,0
DA:62,1
DA:63,0
DA:64,0
DA:65,1
DA:66,0
DA:67,38
DA:68,0
DA:69,0
DA:70,1
DA:71,0
DA:72,9
DA:73,9
DA:74,4
DA:75,0
DA:76,0
DA:77,1
DA:78,0
DA:79,3
DA:80,3
DA:81,0
DA:82,9
DA:83,6
DA:84,2
DA:85,4
DA:86,4
DA:87,4
DA:88,0
DA:89,3
DA:90,0
DA:91,0
DA:92,1
DA:93,0
DA:94,0
DA:95,0
DA:96,0
DA:97,0
DA:98,0
DA:99,0
DA:100,0
DA:101,0
DA:102,0
DA:103,0
DA:104,0
DA:105,0
DA:106,0
DA:107,1
DA:108,0
DA:109,0
DA:110,0
DA:111,0
DA:112,0
DA:113,0
DA:114,0
DA:115,0
DA:116,0
DA:117,0
DA:118,0
DA:119,0
DA:120,0
DA:121,0
DA:122,0
DA:123,0
DA:124,0
DA:125,0
DA:126,0
DA:127,0
DA:128,0
DA:129,0
DA:130,0
DA:131,0
DA:132,0
DA:133,0
DA:134,0
DA:135,0
DA:136,0
DA:137,0
DA:138,0
DA:139,0
DA:140,0
DA:141,0
DA:142,0
DA:143,0
DA:144,0
DA:145,0
DA:146,0
DA:147,0
DA:148,0
DA:149,0
DA:150,1
DA:151,0
DA:152,3
DA:153,3
DA:154,1
DA:155,1
DA:156,2
DA:157,1
DA:158,1
DA:159,2
DA:160,1
DA:161,1
DA:162,0
DA:163,1
DA:164,0
DA:165,0
DA:166,1
DA:167,0
DA:168,4
DA:169,1
DA:170,1
DA:171,3
DA:172,3
DA:173,3
DA:174,1
DA:175,2
DA:176,0
DA:177,0
DA:178,1
DA:179,0
DA:180,0
DA:181,0
DA:182,0
DA:183,0
DA:184,0
DA:185,9
DA:186,3
DA:187,0
DA:188,6
DA:189,6
DA:190,6
DA:191,3
DA:192,0
DA:193,5
DA:194,1
DA:195,4
DA:196,4
DA:197,0
DA:198,0
DA:199,0
DA:200,0
DA:201,0
DA:202,1
DA:203,0
DA:204,10
DA:205,10
DA:206,1
DA:207,1
DA:208,9
DA:209,0
DA:210,0
DA:211,1
DA:212,20
DA:213,10
DA:214,0
DA:215,20
DA:216,10
DA:217,10
DA:218,0
DA:219,20
DA:220,10
DA:221,10
DA:222,0
DA:223,20
DA:224,10
DA:225,10
DA:226,0
DA:227,20
DA:228,10
DA:229,10
DA:230,0
DA:231,20
DA:232,10
DA:233,10
DA:234,0
DA:235,20
DA:236,10
DA:237,10
DA:238,0
DA:239,20
DA:240,10
DA:241,10
DA:242,0
DA:243,20
DA:244,10
DA:245,10
DA:246,0
DA:247,0
DA:248,10
DA:249,10
DA:250,10
DA:251,10
DA:252,10
DA:253,10
DA:254,10
DA:255,10
DA:256,10
DA:257,0
DA:258,0
DA:259,10
DA:260,9
DA:261,0
DA:262,0
DA:263,9
DA:264,0
DA:265,0
DA:266,6
DA:267,12
DA:268,6
DA:269,6
DA:270,6
DA:271,6
DA:272,6
DA:273,6
DA:274,6
DA:275,0
DA:276,6
DA:277,1
DA:278,0
DA:279,0
DA:280,1
DA:281,0
end_of_record
